PROGRAM START
19:18:25.107;COMMAND_TASK;ON_OFF;ON;None;0.51
10:18:25.179;READ_ATTRIBUTE_TASK;ON_OFF_CLUSTER;0;0.51;True
19:18:25.766;COMMAND_TASK;ON_OFF;TOGGLE;None;0.51
10:18:25.829;READ_ATTRIBUTE_TASK;ON_OFF_CLUSTER;0;0.51;False
19:18:26.417;COMMAND_TASK;LVL_CTRL;MV_TO_LVL_ONOFF;[[93, 32], [3, 33]];0.51
10:18:26.478;READ_ATTRIBUTE_TASK;LVL_CTRL_CLUSTER;CURR_LVL;0.51;93
19:18:27.104;COMMAND_TASK;LVL_CTRL;MV_TO_LVL_ONOFF;[[125, 32], [19, 33]];0.51
10:18:27.165;READ_ATTRIBUTE_TASK;LVL_CTRL_CLUSTER;CURR_LVL;0.51;103
19:18:27.750;COMMAND_TASK;COLOR_CTRL;MV_COLOR_TEMP;[[0, 24], [18919, 33], [31954, 33], [57999, 33]];0.51
19:18:28.334;COMMAND_TASK;COLOR_CTRL;MV_COLOR_TEMP;[[0, 24], [7576, 33], [53412, 33], [62943, 33]];0.51
19:18:28.926;COMMAND_TASK;COLOR_CTRL;MOVE_COLOR;[[54696, 33], [22064, 33]];0.51
10:18:28.993;READ_ATTRIBUTE_TASK;COLOR_CTRL_CLUSTER;COLOR_MODE;0.51;1
10:18:29.051;READ_ATTRIBUTE_TASK;COLOR_CTRL_CLUSTER;CURR_X;0.51;48168
10:18:29.112;READ_ATTRIBUTE_TASK;COLOR_CTRL_CLUSTER;CURR_Y;0.51;17367
19:18:29.699;COMMAND_TASK;LVL_CTRL;MV_TO_LVL;[[220, 32], [5, 33]];0.51
10:18:29.760;READ_ATTRIBUTE_TASK;LVL_CTRL_CLUSTER;CURR_LVL;0.51;220
19:18:30.359;COMMAND_TASK;ON_OFF;ON;None;0.51
10:18:30.416;READ_ATTRIBUTE_TASK;ON_OFF_CLUSTER;0;0.51;True
19:18:30.997;COMMAND_TASK;ON_OFF;TOGGLE;None;0.51
10:18:31.060;READ_ATTRIBUTE_TASK;ON_OFF_CLUSTER;0;0.51;False
19:18:31.669;COMMAND_TASK;LVL_CTRL;MV_TO_LVL_ONOFF;[[93, 32], [3, 33]];0.51
10:18:31.730;READ_ATTRIBUTE_TASK;LVL_CTRL_CLUSTER;CURR_LVL;0.51;93
19:18:32.315;COMMAND_TASK;LVL_CTRL;MV_TO_LVL_ONOFF;[[125, 32], [19, 33]];0.51
10:18:32.377;READ_ATTRIBUTE_TASK;LVL_CTRL_CLUSTER;CURR_LVL;0.51;101
19:18:32.965;COMMAND_TASK;COLOR_CTRL;MV_COLOR_TEMP;[[0, 24], [18919, 33], [31954, 33], [57999, 33]];0.51
19:18:33.548;COMMAND_TASK;COLOR_CTRL;MV_COLOR_TEMP;[[0, 24], [7576, 33], [53412, 33], [62943, 33]];0.51
19:18:34.141;COMMAND_TASK;COLOR_CTRL;MOVE_COLOR;[[54696, 33], [22064, 33]];0.51
10:18:34.199;READ_ATTRIBUTE_TASK;COLOR_CTRL_CLUSTER;COLOR_MODE;0.51;1
10:18:34.260;READ_ATTRIBUTE_TASK;COLOR_CTRL_CLUSTER;CURR_X;0.51;48168
10:18:34.327;READ_ATTRIBUTE_TASK;COLOR_CTRL_CLUSTER;CURR_Y;0.51;17367
19:18:34.915;COMMAND_TASK;LVL_CTRL;MV_TO_LVL;[[220, 32], [5, 33]];0.51
10:18:35.006;READ_ATTRIBUTE_TASK;LVL_CTRL_CLUSTER;CURR_LVL;0.51;220
