PROGRAM START
Time: 2020/05/26 17:05:35: Executing ON_OFF_ON_CMD with payload None
returned value: True
Time: 2020/05/26 17:05:35: Executing ON_OFF_OFF_CMD with payload None
returned value: False
Time: 2020/05/26 17:05:36: Executing ON_OFF_ON_CMD with payload None
returned value: True
Time: 2020/05/26 17:05:36: Executing ON_OFF_OFF_CMD with payload None
returned value: False
Time: 2020/05/26 17:05:37: Executing ON_OFF_ON_CMD with payload None
returned value: True
Time: 2020/05/26 17:05:38: Executing ON_OFF_OFF_CMD with payload None
returned value: False
PROGRAM START
Time: 2020/05/26 17:05:39: Executing ON_OFF_ON_CMD with payload None
returned value: True
Time: 2020/05/26 17:05:40: Executing ON_OFF_OFF_CMD with payload None
returned value: False
Time: 2020/05/26 17:05:40: Executing ON_OFF_ON_CMD with payload None
returned value: True
Time: 2020/05/26 17:05:41: Executing ON_OFF_OFF_CMD with payload None
returned value: False
Time: 2020/05/26 17:05:41: Executing ON_OFF_ON_CMD with payload None
returned value: True
Time: 2020/05/26 17:05:42: Executing ON_OFF_OFF_CMD with payload None
returned value: False
PROGRAM START
PROGRAM START
