PROGRAM START
Time		CLuster		Command		payload		return value
19:06:31:ON_OFF_CLUSTER:ON_OFF_OFF_CMD:None:False
19:06:31:ON_OFF_CLUSTER:ON_OFF_ON_CMD:None:True
19:06:31:ON_OFF_CLUSTER:ON_OFF_ON_CMD:None:True
19:06:31:ON_OFF_CLUSTER:ON_OFF_OFF_CMD:None:False
19:06:31:ON_OFF_CLUSTER:ON_OFF_OFF_CMD:None:False
19:06:31:ON_OFF_CLUSTER:ON_OFF_ON_CMD:None:True
19:06:31:ON_OFF_CLUSTER:ON_OFF_OFF_CMD:None:False
19:06:31:ON_OFF_CLUSTER:ON_OFF_OFF_CMD:None:False
19:06:32:ON_OFF_CLUSTER:ON_OFF_OFF_CMD:None:False
19:06:32:ON_OFF_CLUSTER:ON_OFF_OFF_CMD:None:False
19:06:32:LVL_CTRL_CLUSTER:LVL_CTRL_MV_TO_LVL_ONOFF_CMD:[(204, 32), (59173, 33)]:204
19:06:32:LVL_CTRL_CLUSTER:LVL_CTRL_MV_TO_LVL_ONOFF_CMD:[(21, 32), (12836, 33)]:21
19:06:32:LVL_CTRL_CLUSTER:LVL_CTRL_MV_TO_LVL_ONOFF_CMD:[(2, 32), (54022, 33)]:2
19:06:32:LVL_CTRL_CLUSTER:LVL_CTRL_MV_TO_LVL_ONOFF_CMD:[(155, 32), (60188, 33)]:155
19:06:32:LVL_CTRL_CLUSTER:LVL_CTRL_MV_TO_LVL_ONOFF_CMD:[(86, 32), (37036, 33)]:86
19:06:32:LVL_CTRL_CLUSTER:LVL_CTRL_MV_TO_LVL_ONOFF_CMD:[(86, 32), (46391, 33)]:86
19:06:32:LVL_CTRL_CLUSTER:LVL_CTRL_MV_TO_LVL_ONOFF_CMD:[(39, 32), (46811, 33)]:39
19:06:32:LVL_CTRL_CLUSTER:LVL_CTRL_MV_TO_LVL_ONOFF_CMD:[(51, 32), (20701, 33)]:51
19:06:32:LVL_CTRL_CLUSTER:LVL_CTRL_MV_TO_LVL_ONOFF_CMD:[(171, 32), (50806, 33)]:171
19:06:32:LVL_CTRL_CLUSTER:LVL_CTRL_MV_TO_LVL_ONOFF_CMD:[(243, 32), (46366, 33)]:243
19:06:32:COLOR_CTRL_CLUSTER:COLOR_CTRL_MV_TO_COLOR_TEMP_CMD:[(137, 33), (53844, 33)]:227
19:06:33:COLOR_CTRL_CLUSTER:COLOR_CTRL_MV_TO_COLOR_TEMP_CMD:[(236, 33), (48995, 33)]:227
19:06:33:COLOR_CTRL_CLUSTER:COLOR_CTRL_MV_TO_COLOR_TEMP_CMD:[(105, 33), (29130, 33)]:227
19:06:33:COLOR_CTRL_CLUSTER:COLOR_CTRL_MV_TO_COLOR_TEMP_CMD:[(119, 33), (43208, 33)]:227
19:06:33:COLOR_CTRL_CLUSTER:COLOR_CTRL_MV_TO_COLOR_TEMP_CMD:[(226, 33), (18927, 33)]:226
19:06:33:COLOR_CTRL_CLUSTER:COLOR_CTRL_MV_TO_COLOR_TEMP_CMD:[(92, 33), (31572, 33)]:226
19:06:33:COLOR_CTRL_CLUSTER:COLOR_CTRL_MV_TO_COLOR_TEMP_CMD:[(50, 33), (52888, 33)]:226
19:06:33:COLOR_CTRL_CLUSTER:COLOR_CTRL_MV_TO_COLOR_TEMP_CMD:[(174, 33), (16537, 33)]:226
19:06:33:COLOR_CTRL_CLUSTER:COLOR_CTRL_MV_TO_COLOR_TEMP_CMD:[(129, 33), (63163, 33)]:226
19:06:33:COLOR_CTRL_CLUSTER:COLOR_CTRL_MV_TO_COLOR_TEMP_CMD:[(23, 33), (4219, 33)]:226